<?xml version="1.0" encoding="UTF-8"?>
<testng-results skipped="0" failed="0" ignored="0" total="1" passed="1">
  <reporter-output>
  </reporter-output>
  <suite name="Default suite" duration-ms="23854" started-at="2019-04-04T19:52:08Z" finished-at="2019-04-04T19:52:32Z">
    <groups>
    </groups>
    <test name="Default test" duration-ms="23854" started-at="2019-04-04T19:52:08Z" finished-at="2019-04-04T19:52:32Z">
      <class name="test.CLM_LoginTest">
        <test-method status="PASS" signature="setUp()[pri:0, instance:test.CLM_LoginTest@18be83e4]" name="setUp" is-config="true" duration-ms="13394" started-at="2019-04-04T19:52:08Z" finished-at="2019-04-04T19:52:21Z">
          <reporter-output>
          </reporter-output>
        </test-method> <!-- setUp -->
        <test-method status="PASS" signature="login()[pri:0, instance:test.CLM_LoginTest@18be83e4]" name="login" duration-ms="8423" started-at="2019-04-04T19:52:21Z" finished-at="2019-04-04T19:52:30Z">
          <reporter-output>
          </reporter-output>
        </test-method> <!-- login -->
        <test-method status="PASS" signature="tearDown()[pri:0, instance:test.CLM_LoginTest@18be83e4]" name="tearDown" is-config="true" duration-ms="1999" started-at="2019-04-04T19:52:30Z" finished-at="2019-04-04T19:52:32Z">
          <reporter-output>
          </reporter-output>
        </test-method> <!-- tearDown -->
      </class> <!-- test.CLM_LoginTest -->
    </test> <!-- Default test -->
  </suite> <!-- Default suite -->
</testng-results>
